app/build/intermediates/manifest_merge_blame_file/debug/manifest-merger-blame-debug-report.txt
1<?xml version="1.0" encoding="utf-8"?>
2<manifest xmlns:android="http://schemas.android.com/apk/res/android"
3    package="com.example.autotales"
4    android:versionCode="1"
5    android:versionName="4.1" >
6
7    <uses-sdk
8        android:minSdkVersion="23"
8-->src\main\AndroidManifest.xml
9        android:targetSdkVersion="30" />
9-->src\main\AndroidManifest.xml
10
11    <uses-permission android:name="android.permission.CAMERA" />
11-->src\main\AndroidManifest.xml:6:5-65
11-->src\main\AndroidManifest.xml:6:22-62
12    <uses-permission android:name="android.permission.CALL_PHONE" />
12-->src\main\AndroidManifest.xml:7:5-69
12-->src\main\AndroidManifest.xml:7:22-66
13    <uses-permission android:name="android.permission.INTERNET" />
13-->src\main\AndroidManifest.xml:8:5-66
13-->src\main\AndroidManifest.xml:8:22-64
14    <uses-permission android:name="android.permission.ACCESS_NETWORK_STATE" />
14-->src\main\AndroidManifest.xml:9:5-78
14-->src\main\AndroidManifest.xml:9:22-76
15
16    <application
16-->src\main\AndroidManifest.xml:11:5-41:19
17        android:allowBackup="true"
17-->src\main\AndroidManifest.xml:12:9-35
18        android:appComponentFactory="androidx.core.app.CoreComponentFactory"
18-->[androidx.core:core:1.3.1] AndroidManifest.xml:24:18-86
19        android:debuggable="true"
20        android:extractNativeLibs="false"
21        android:icon="@mipmap/ic_launcher"
21-->src\main\AndroidManifest.xml:13:9-43
22        android:label="@string/app_name"
22-->src\main\AndroidManifest.xml:14:9-41
23        android:roundIcon="@mipmap/ic_launcher_round"
23-->src\main\AndroidManifest.xml:15:9-54
24        android:supportsRtl="true"
24-->src\main\AndroidManifest.xml:16:9-35
25        android:theme="@style/Theme.AutoTales" >
25-->src\main\AndroidManifest.xml:17:9-47
26        <activity
26-->src\main\AndroidManifest.xml:18:9-25:20
27            android:name="com.example.autotales.SplashScreen"
27-->src\main\AndroidManifest.xml:18:19-47
28            android:theme="@style/splash_theme" >
28-->src\main\AndroidManifest.xml:19:13-48
29            <intent-filter>
29-->src\main\AndroidManifest.xml:20:13-24:29
30                <action android:name="android.intent.action.MAIN" />
30-->src\main\AndroidManifest.xml:21:17-69
30-->src\main\AndroidManifest.xml:21:25-66
31
32                <category android:name="android.intent.category.LAUNCHER" />
32-->src\main\AndroidManifest.xml:23:17-77
32-->src\main\AndroidManifest.xml:23:27-74
33            </intent-filter>
34        </activity>
35        <activity android:name="com.example.autotales.GestionarInfoCoche" />
35-->src\main\AndroidManifest.xml:26:9-56
35-->src\main\AndroidManifest.xml:26:19-53
36        <activity
36-->src\main\AndroidManifest.xml:27:9-30:66
37            android:name="com.example.autotales.InfoCoche"
37-->src\main\AndroidManifest.xml:28:13-38
38            android:label="@string/app_name"
38-->src\main\AndroidManifest.xml:29:13-45
39            android:theme="@style/Theme.AutoTales.NoActionBar" />
39-->src\main\AndroidManifest.xml:30:13-63
40        <activity
40-->src\main\AndroidManifest.xml:31:9-40:20
41            android:name="com.example.autotales.MainActivity"
41-->src\main\AndroidManifest.xml:32:13-41
42            android:label="@string/app_name"
42-->src\main\AndroidManifest.xml:33:13-45
43            android:theme="@style/Theme.AutoTales.NoActionBar" >
43-->src\main\AndroidManifest.xml:34:13-63
44
45            <!--
46            <intent-filter>
47                <action android:name="android.intent.action.MAIN" />
48
49                <category android:name="android.intent.category.LAUNCHER" />
50            </intent-filter>
51            -->
52        </activity>
53    </application>
54
55</manifest>